[ INFO : 03 Mar 2025 02:45:13 PM ] in: (org.springframework.boot.StartupInfoLogger:logStarting():55) - Starting Application on N5CD41297ZV with PID 20224 (started by SxChoudh in C:\Users\sxchoudh\EAP-7.1.0\bin)
[ INFO : 03 Mar 2025 02:45:13 PM ] in: (org.springframework.boot.SpringApplication:logStartupProfileInfo():651) - No active profile set, falling back to default profiles: default
[ INFO : 03 Mar 2025 02:45:14 PM ] in: (org.springframework.data.repository.config.RepositoryConfigurationDelegate:registerRepositoriesIn():127) - Bootstrapping Spring Data JPA repositories in DEFAULT mode.
[ INFO : 03 Mar 2025 02:45:14 PM ] in: (org.springframework.data.repository.config.RepositoryConfigurationDelegate:registerRepositoriesIn():187) - Finished Spring Data repository scanning in 233ms. Found 56 JPA repository interfaces.
[ INFO : 03 Mar 2025 02:45:15 PM ] in: (org.springframework.context.support.PostProcessorRegistrationDelegate$BeanPostProcessorChecker:postProcessAfterInitialization():335) - Bean 'org.springframework.security.access.expression.method.DefaultMethodSecurityExpressionHandler@45916c87' of type [org.springframework.security.oauth2.provider.expression.OAuth2MethodSecurityExpressionHandler] is not eligible for getting processed by all BeanPostProcessors (for example: not eligible for auto-proxying)
[ INFO : 03 Mar 2025 02:45:15 PM ] in: (org.springframework.context.support.PostProcessorRegistrationDelegate$BeanPostProcessorChecker:postProcessAfterInitialization():335) - Bean 'methodSecurityMetadataSource' of type [org.springframework.security.access.method.DelegatingMethodSecurityMetadataSource] is not eligible for getting processed by all BeanPostProcessors (for example: not eligible for auto-proxying)
[ INFO : 03 Mar 2025 02:45:15 PM ] in: (org.springframework.boot.web.servlet.context.ServletWebServerApplicationContext:prepareWebApplicationContext():285) - Root WebApplicationContext: initialization completed in 1541 ms
[ INFO : 03 Mar 2025 02:45:18 PM ] in: (org.springframework.orm.jpa.AbstractEntityManagerFactoryBean:buildNativeEntityManagerFactory():419) - Initialized JPA EntityManagerFactory for persistence unit 'default'
[ INFO : 03 Mar 2025 02:45:21 PM ] in: (dec.ny.gov.etrack.permit.util.MultitenantResolver:addTrustedIssuer():29) - Authentication provider is setup
[ INFO : 03 Mar 2025 02:45:21 PM ] in: (org.springframework.security.web.DefaultSecurityFilterChain:<init>():43) - Creating filter chain: Ant [pattern='/v2/api-docs'], []
[ INFO : 03 Mar 2025 02:45:21 PM ] in: (org.springframework.security.web.DefaultSecurityFilterChain:<init>():43) - Creating filter chain: Ant [pattern='/configuration/ui'], []
[ INFO : 03 Mar 2025 02:45:21 PM ] in: (org.springframework.security.web.DefaultSecurityFilterChain:<init>():43) - Creating filter chain: Ant [pattern='/swagger-resources/**'], []
[ INFO : 03 Mar 2025 02:45:21 PM ] in: (org.springframework.security.web.DefaultSecurityFilterChain:<init>():43) - Creating filter chain: Ant [pattern='/configuration/security'], []
[ INFO : 03 Mar 2025 02:45:21 PM ] in: (org.springframework.security.web.DefaultSecurityFilterChain:<init>():43) - Creating filter chain: Ant [pattern='/swagger-ui.html'], []
[ INFO : 03 Mar 2025 02:45:21 PM ] in: (org.springframework.security.web.DefaultSecurityFilterChain:<init>():43) - Creating filter chain: Ant [pattern='/webjars/**'], []
[ INFO : 03 Mar 2025 02:45:21 PM ] in: (org.springframework.security.web.DefaultSecurityFilterChain:<init>():43) - Creating filter chain: Ant [pattern='/**'], [org.springframework.security.web.context.request.async.WebAsyncManagerIntegrationFilter@6b8858be, org.springframework.security.web.context.SecurityContextPersistenceFilter@2fd6c0ec, org.springframework.security.web.header.HeaderWriterFilter@2c21e14, org.springframework.web.filter.CorsFilter@33293836, org.springframework.security.web.csrf.CsrfFilter@26b78732, org.springframework.security.web.authentication.logout.LogoutFilter@38b233e9, org.springframework.security.oauth2.server.resource.web.BearerTokenAuthenticationFilter@626476f, org.springframework.security.web.savedrequest.RequestCacheAwareFilter@429c660b, org.springframework.security.web.servletapi.SecurityContextHolderAwareRequestFilter@51c62fa4, org.springframework.security.web.authentication.AnonymousAuthenticationFilter@6d83b65, org.springframework.security.web.session.SessionManagementFilter@13191ea4, org.springframework.security.web.access.ExceptionTranslationFilter@5b966aa5, org.springframework.security.web.access.intercept.FilterSecurityInterceptor@71a8c94c]
[ INFO : 03 Mar 2025 02:45:21 PM ] in: (org.springframework.scheduling.concurrent.ExecutorConfigurationSupport:initialize():181) - Initializing ExecutorService 'applicationTaskExecutor'
[ INFO : 03 Mar 2025 02:45:21 PM ] in: (org.springframework.ldap.core.support.AbstractContextSource:afterPropertiesSet():415) - Property 'userDn' not set - anonymous context will be used for read-write operations
[ INFO : 03 Mar 2025 02:45:21 PM ] in: (org.springframework.scheduling.concurrent.ExecutorConfigurationSupport:initialize():181) - Initializing ExecutorService 'taskScheduler'
[ INFO : 03 Mar 2025 02:45:22 PM ] in: (org.springframework.boot.StartupInfoLogger:logStarted():61) - Started Application in 8.682 seconds (JVM running for 15.428)
[ INFO : 03 Mar 2025 02:45:22 PM ] in: (dec.ny.gov.etrack.permit.service.impl.ProjectServiceImpl:uploadGISApprovedPolygonToEFind():2321) - Identify the eligible approved Polygon to upload into eFind 
[ INFO : 03 Mar 2025 02:45:22 PM ] in: (dec.ny.gov.etrack.permit.service.impl.ProjectServiceImpl:uploadGISApprovedPolygonToEFind():2354) - There is no eligible projects to upload into eFind 
[ INFO : 03 Mar 2025 02:45:22 PM ] in: (dec.ny.gov.etrack.permit.dao.ETrackCleanUpDAO:cleanUpOrphanRecords():28) - Entering into Clean Orphan records 
[ INFO : 03 Mar 2025 02:45:22 PM ] in: (dec.ny.gov.etrack.permit.dao.ETrackCleanUpDAO:cleanUpOrphanRecords():50) - Exiting from Clean Orphan records 
[ INFO : 03 Mar 2025 02:48:22 PM ] in: (dec.ny.gov.etrack.permit.service.impl.ProjectServiceImpl:uploadGISApprovedPolygonToEFind():2321) - Identify the eligible approved Polygon to upload into eFind 
[ INFO : 03 Mar 2025 02:48:22 PM ] in: (dec.ny.gov.etrack.permit.service.impl.ProjectServiceImpl:uploadGISApprovedPolygonToEFind():2354) - There is no eligible projects to upload into eFind 
[ INFO : 03 Mar 2025 02:51:22 PM ] in: (dec.ny.gov.etrack.permit.service.impl.ProjectServiceImpl:uploadGISApprovedPolygonToEFind():2321) - Identify the eligible approved Polygon to upload into eFind 
[ INFO : 03 Mar 2025 02:51:22 PM ] in: (dec.ny.gov.etrack.permit.service.impl.ProjectServiceImpl:uploadGISApprovedPolygonToEFind():2354) - There is no eligible projects to upload into eFind 
[ INFO : 03 Mar 2025 02:51:24 PM ] in: (org.springframework.scheduling.concurrent.ExecutorConfigurationSupport:shutdown():218) - Shutting down ExecutorService 'taskScheduler'
[ INFO : 03 Mar 2025 02:51:24 PM ] in: (org.springframework.scheduling.concurrent.ExecutorConfigurationSupport:shutdown():218) - Shutting down ExecutorService 'applicationTaskExecutor'
[ INFO : 03 Mar 2025 02:51:24 PM ] in: (org.springframework.orm.jpa.AbstractEntityManagerFactoryBean:destroy():601) - Closing JPA EntityManagerFactory for persistence unit 'default'
[ INFO : 03 Mar 2025 02:54:41 PM ] in: (org.springframework.boot.StartupInfoLogger:logStarting():55) - Starting Application on N5CD41297ZV with PID 11112 (started by SxChoudh in C:\Users\sxchoudh\EAP-7.1.0\bin)
[ INFO : 03 Mar 2025 02:54:41 PM ] in: (org.springframework.boot.SpringApplication:logStartupProfileInfo():651) - No active profile set, falling back to default profiles: default
[ INFO : 03 Mar 2025 02:54:42 PM ] in: (org.springframework.data.repository.config.RepositoryConfigurationDelegate:registerRepositoriesIn():127) - Bootstrapping Spring Data JPA repositories in DEFAULT mode.
[ INFO : 03 Mar 2025 02:54:42 PM ] in: (org.springframework.data.repository.config.RepositoryConfigurationDelegate:registerRepositoriesIn():187) - Finished Spring Data repository scanning in 285ms. Found 56 JPA repository interfaces.
[ INFO : 03 Mar 2025 02:54:43 PM ] in: (org.springframework.context.support.PostProcessorRegistrationDelegate$BeanPostProcessorChecker:postProcessAfterInitialization():335) - Bean 'org.springframework.security.access.expression.method.DefaultMethodSecurityExpressionHandler@8babcd5' of type [org.springframework.security.oauth2.provider.expression.OAuth2MethodSecurityExpressionHandler] is not eligible for getting processed by all BeanPostProcessors (for example: not eligible for auto-proxying)
[ INFO : 03 Mar 2025 02:54:43 PM ] in: (org.springframework.context.support.PostProcessorRegistrationDelegate$BeanPostProcessorChecker:postProcessAfterInitialization():335) - Bean 'methodSecurityMetadataSource' of type [org.springframework.security.access.method.DelegatingMethodSecurityMetadataSource] is not eligible for getting processed by all BeanPostProcessors (for example: not eligible for auto-proxying)
[ INFO : 03 Mar 2025 02:54:43 PM ] in: (org.springframework.boot.web.servlet.context.ServletWebServerApplicationContext:prepareWebApplicationContext():285) - Root WebApplicationContext: initialization completed in 1582 ms
[ INFO : 03 Mar 2025 02:54:45 PM ] in: (org.springframework.orm.jpa.AbstractEntityManagerFactoryBean:buildNativeEntityManagerFactory():419) - Initialized JPA EntityManagerFactory for persistence unit 'default'
[ INFO : 03 Mar 2025 02:54:48 PM ] in: (dec.ny.gov.etrack.permit.util.MultitenantResolver:addTrustedIssuer():29) - Authentication provider is setup
[ INFO : 03 Mar 2025 02:54:48 PM ] in: (org.springframework.security.web.DefaultSecurityFilterChain:<init>():43) - Creating filter chain: Ant [pattern='/v2/api-docs'], []
[ INFO : 03 Mar 2025 02:54:48 PM ] in: (org.springframework.security.web.DefaultSecurityFilterChain:<init>():43) - Creating filter chain: Ant [pattern='/configuration/ui'], []
[ INFO : 03 Mar 2025 02:54:48 PM ] in: (org.springframework.security.web.DefaultSecurityFilterChain:<init>():43) - Creating filter chain: Ant [pattern='/swagger-resources/**'], []
[ INFO : 03 Mar 2025 02:54:48 PM ] in: (org.springframework.security.web.DefaultSecurityFilterChain:<init>():43) - Creating filter chain: Ant [pattern='/configuration/security'], []
[ INFO : 03 Mar 2025 02:54:48 PM ] in: (org.springframework.security.web.DefaultSecurityFilterChain:<init>():43) - Creating filter chain: Ant [pattern='/swagger-ui.html'], []
[ INFO : 03 Mar 2025 02:54:48 PM ] in: (org.springframework.security.web.DefaultSecurityFilterChain:<init>():43) - Creating filter chain: Ant [pattern='/webjars/**'], []
[ INFO : 03 Mar 2025 02:54:49 PM ] in: (org.springframework.security.web.DefaultSecurityFilterChain:<init>():43) - Creating filter chain: Ant [pattern='/**'], [org.springframework.security.web.context.request.async.WebAsyncManagerIntegrationFilter@28d9aaa2, org.springframework.security.web.context.SecurityContextPersistenceFilter@13c82a87, org.springframework.security.web.header.HeaderWriterFilter@595400d5, org.springframework.web.filter.CorsFilter@451fba9d, org.springframework.security.web.csrf.CsrfFilter@12b8c179, org.springframework.security.web.authentication.logout.LogoutFilter@91a4f40, org.springframework.security.oauth2.server.resource.web.BearerTokenAuthenticationFilter@7c711ba0, org.springframework.security.web.savedrequest.RequestCacheAwareFilter@120783b7, org.springframework.security.web.servletapi.SecurityContextHolderAwareRequestFilter@3f93056, org.springframework.security.web.authentication.AnonymousAuthenticationFilter@3129433, org.springframework.security.web.session.SessionManagementFilter@19fbf8e0, org.springframework.security.web.access.ExceptionTranslationFilter@45348e0c, org.springframework.security.web.access.intercept.FilterSecurityInterceptor@6932a997]
[ INFO : 03 Mar 2025 02:54:49 PM ] in: (org.springframework.scheduling.concurrent.ExecutorConfigurationSupport:initialize():181) - Initializing ExecutorService 'applicationTaskExecutor'
[ INFO : 03 Mar 2025 02:54:49 PM ] in: (org.springframework.ldap.core.support.AbstractContextSource:afterPropertiesSet():415) - Property 'userDn' not set - anonymous context will be used for read-write operations
[ INFO : 03 Mar 2025 02:54:49 PM ] in: (org.springframework.scheduling.concurrent.ExecutorConfigurationSupport:initialize():181) - Initializing ExecutorService 'taskScheduler'
[ INFO : 03 Mar 2025 02:54:49 PM ] in: (org.springframework.boot.StartupInfoLogger:logStarted():61) - Started Application in 8.847 seconds (JVM running for 15.784)
[ INFO : 03 Mar 2025 02:54:49 PM ] in: (dec.ny.gov.etrack.permit.service.impl.ProjectServiceImpl:uploadGISApprovedPolygonToEFind():2321) - Identify the eligible approved Polygon to upload into eFind 
[ INFO : 03 Mar 2025 02:54:50 PM ] in: (dec.ny.gov.etrack.permit.service.impl.ProjectServiceImpl:uploadGISApprovedPolygonToEFind():2354) - There is no eligible projects to upload into eFind 
[ INFO : 03 Mar 2025 02:54:50 PM ] in: (dec.ny.gov.etrack.permit.dao.ETrackCleanUpDAO:cleanUpOrphanRecords():28) - Entering into Clean Orphan records 
[ INFO : 03 Mar 2025 02:54:50 PM ] in: (dec.ny.gov.etrack.permit.dao.ETrackCleanUpDAO:cleanUpOrphanRecords():50) - Exiting from Clean Orphan records 
[ INFO : 03 Mar 2025 02:57:50 PM ] in: (dec.ny.gov.etrack.permit.service.impl.ProjectServiceImpl:uploadGISApprovedPolygonToEFind():2321) - Identify the eligible approved Polygon to upload into eFind 
[ INFO : 03 Mar 2025 02:57:50 PM ] in: (dec.ny.gov.etrack.permit.service.impl.ProjectServiceImpl:uploadGISApprovedPolygonToEFind():2354) - There is no eligible projects to upload into eFind 
[ INFO : 03 Mar 2025 03:00:50 PM ] in: (dec.ny.gov.etrack.permit.service.impl.ProjectServiceImpl:uploadGISApprovedPolygonToEFind():2321) - Identify the eligible approved Polygon to upload into eFind 
[ INFO : 03 Mar 2025 03:00:50 PM ] in: (dec.ny.gov.etrack.permit.service.impl.ProjectServiceImpl:uploadGISApprovedPolygonToEFind():2354) - There is no eligible projects to upload into eFind 
[ INFO : 03 Mar 2025 03:03:50 PM ] in: (dec.ny.gov.etrack.permit.service.impl.ProjectServiceImpl:uploadGISApprovedPolygonToEFind():2321) - Identify the eligible approved Polygon to upload into eFind 
[ INFO : 03 Mar 2025 03:03:50 PM ] in: (dec.ny.gov.etrack.permit.service.impl.ProjectServiceImpl:uploadGISApprovedPolygonToEFind():2354) - There is no eligible projects to upload into eFind 
[ INFO : 03 Mar 2025 03:06:50 PM ] in: (dec.ny.gov.etrack.permit.service.impl.ProjectServiceImpl:uploadGISApprovedPolygonToEFind():2321) - Identify the eligible approved Polygon to upload into eFind 
[ INFO : 03 Mar 2025 03:06:50 PM ] in: (dec.ny.gov.etrack.permit.service.impl.ProjectServiceImpl:uploadGISApprovedPolygonToEFind():2354) - There is no eligible projects to upload into eFind 
[ INFO : 03 Mar 2025 03:09:50 PM ] in: (dec.ny.gov.etrack.permit.service.impl.ProjectServiceImpl:uploadGISApprovedPolygonToEFind():2321) - Identify the eligible approved Polygon to upload into eFind 
[ INFO : 03 Mar 2025 03:09:50 PM ] in: (dec.ny.gov.etrack.permit.service.impl.ProjectServiceImpl:uploadGISApprovedPolygonToEFind():2354) - There is no eligible projects to upload into eFind 
[ INFO : 03 Mar 2025 03:12:50 PM ] in: (dec.ny.gov.etrack.permit.service.impl.ProjectServiceImpl:uploadGISApprovedPolygonToEFind():2321) - Identify the eligible approved Polygon to upload into eFind 
[ INFO : 03 Mar 2025 03:12:50 PM ] in: (dec.ny.gov.etrack.permit.service.impl.ProjectServiceImpl:uploadGISApprovedPolygonToEFind():2354) - There is no eligible projects to upload into eFind 
[ INFO : 03 Mar 2025 03:15:50 PM ] in: (dec.ny.gov.etrack.permit.service.impl.ProjectServiceImpl:uploadGISApprovedPolygonToEFind():2321) - Identify the eligible approved Polygon to upload into eFind 
[ INFO : 03 Mar 2025 03:15:50 PM ] in: (dec.ny.gov.etrack.permit.service.impl.ProjectServiceImpl:uploadGISApprovedPolygonToEFind():2354) - There is no eligible projects to upload into eFind 
[ INFO : 03 Mar 2025 03:18:50 PM ] in: (dec.ny.gov.etrack.permit.service.impl.ProjectServiceImpl:uploadGISApprovedPolygonToEFind():2321) - Identify the eligible approved Polygon to upload into eFind 
[ INFO : 03 Mar 2025 03:18:50 PM ] in: (dec.ny.gov.etrack.permit.service.impl.ProjectServiceImpl:uploadGISApprovedPolygonToEFind():2354) - There is no eligible projects to upload into eFind 
[ INFO : 03 Mar 2025 03:21:50 PM ] in: (dec.ny.gov.etrack.permit.service.impl.ProjectServiceImpl:uploadGISApprovedPolygonToEFind():2321) - Identify the eligible approved Polygon to upload into eFind 
[ INFO : 03 Mar 2025 03:21:50 PM ] in: (dec.ny.gov.etrack.permit.service.impl.ProjectServiceImpl:uploadGISApprovedPolygonToEFind():2354) - There is no eligible projects to upload into eFind 
[ INFO : 03 Mar 2025 03:24:50 PM ] in: (dec.ny.gov.etrack.permit.service.impl.ProjectServiceImpl:uploadGISApprovedPolygonToEFind():2321) - Identify the eligible approved Polygon to upload into eFind 
[ INFO : 03 Mar 2025 03:24:50 PM ] in: (dec.ny.gov.etrack.permit.service.impl.ProjectServiceImpl:uploadGISApprovedPolygonToEFind():2354) - There is no eligible projects to upload into eFind 
[ INFO : 03 Mar 2025 03:27:50 PM ] in: (dec.ny.gov.etrack.permit.service.impl.ProjectServiceImpl:uploadGISApprovedPolygonToEFind():2321) - Identify the eligible approved Polygon to upload into eFind 
[ERROR : 03 Mar 2025 03:28:19 PM ] in: (dec.ny.gov.etrack.permit.service.impl.ProjectServiceImpl:uploadGISApprovedPolygonToEFind():2357) - Error while processing the eligible projects approved polygon into eFind
org.springframework.dao.DataAccessResourceFailureException: could not extract ResultSet; nested exception is org.hibernate.exception.JDBCConnectionException: could not extract ResultSet
	at org.springframework.orm.jpa.vendor.HibernateJpaDialect.convertHibernateAccessException(HibernateJpaDialect.java:277)
	at org.springframework.orm.jpa.vendor.HibernateJpaDialect.translateExceptionIfPossible(HibernateJpaDialect.java:255)
	at org.springframework.orm.jpa.AbstractEntityManagerFactoryBean.translateExceptionIfPossible(AbstractEntityManagerFactoryBean.java:531)
	at org.springframework.dao.support.ChainedPersistenceExceptionTranslator.translateExceptionIfPossible(ChainedPersistenceExceptionTranslator.java:61)
	at org.springframework.dao.support.DataAccessUtils.translateIfNecessary(DataAccessUtils.java:242)
	at org.springframework.dao.support.PersistenceExceptionTranslationInterceptor.invoke(PersistenceExceptionTranslationInterceptor.java:154)
	at org.springframework.aop.framework.ReflectiveMethodInvocation.proceed(ReflectiveMethodInvocation.java:186)
	at org.springframework.data.jpa.repository.support.CrudMethodMetadataPostProcessor$CrudMethodMetadataPopulatingMethodInterceptor.invoke(CrudMethodMetadataPostProcessor.java:149)
	at org.springframework.aop.framework.ReflectiveMethodInvocation.proceed(ReflectiveMethodInvocation.java:186)
	at org.springframework.aop.interceptor.ExposeInvocationInterceptor.invoke(ExposeInvocationInterceptor.java:95)
	at org.springframework.aop.framework.ReflectiveMethodInvocation.proceed(ReflectiveMethodInvocation.java:186)
	at org.springframework.aop.framework.JdkDynamicAopProxy.invoke(JdkDynamicAopProxy.java:212)
	at com.sun.proxy.$Proxy271.findPolygonUploadEligibleProjects(Unknown Source)
	at dec.ny.gov.etrack.permit.service.impl.ProjectServiceImpl.uploadGISApprovedPolygonToEFind(ProjectServiceImpl.java:2324)
	at dec.ny.gov.etrack.permit.service.impl.ProjectServiceImpl$$FastClassBySpringCGLIB$$fbb20ccf.invoke(<generated>)
	at org.springframework.cglib.proxy.MethodProxy.invoke(MethodProxy.java:218)
	at org.springframework.aop.framework.CglibAopProxy$DynamicAdvisedInterceptor.intercept(CglibAopProxy.java:687)
	at dec.ny.gov.etrack.permit.service.impl.ProjectServiceImpl$$EnhancerBySpringCGLIB$$d3d4b5b8.uploadGISApprovedPolygonToEFind(<generated>)
	at sun.reflect.NativeMethodAccessorImpl.invoke0(Native Method)
	at sun.reflect.NativeMethodAccessorImpl.invoke(NativeMethodAccessorImpl.java:62)
	at sun.reflect.DelegatingMethodAccessorImpl.invoke(DelegatingMethodAccessorImpl.java:43)
	at java.lang.reflect.Method.invoke(Method.java:498)
	at org.springframework.scheduling.support.ScheduledMethodRunnable.run(ScheduledMethodRunnable.java:84)
	at org.springframework.scheduling.support.DelegatingErrorHandlingRunnable.run(DelegatingErrorHandlingRunnable.java:54)
	at java.util.concurrent.Executors$RunnableAdapter.call(Executors.java:511)
	at java.util.concurrent.FutureTask.runAndReset(FutureTask.java:308)
	at java.util.concurrent.ScheduledThreadPoolExecutor$ScheduledFutureTask.access$301(ScheduledThreadPoolExecutor.java:180)
	at java.util.concurrent.ScheduledThreadPoolExecutor$ScheduledFutureTask.run(ScheduledThreadPoolExecutor.java:294)
	at java.util.concurrent.ThreadPoolExecutor.runWorker(ThreadPoolExecutor.java:1149)
	at java.util.concurrent.ThreadPoolExecutor$Worker.run(ThreadPoolExecutor.java:624)
	at java.lang.Thread.run(Thread.java:750)
Caused by: org.hibernate.exception.JDBCConnectionException: could not extract ResultSet
	at org.hibernate.exception.internal.SQLStateConversionDelegate.convert(SQLStateConversionDelegate.java:112)
	at org.hibernate.exception.internal.StandardSQLExceptionConverter.convert(StandardSQLExceptionConverter.java:42)
	at org.hibernate.engine.jdbc.spi.SqlExceptionHelper.convert(SqlExceptionHelper.java:113)
	at org.hibernate.engine.jdbc.spi.SqlExceptionHelper.convert(SqlExceptionHelper.java:99)
	at org.hibernate.engine.jdbc.internal.ResultSetReturnImpl.extract(ResultSetReturnImpl.java:67)
	at org.hibernate.loader.Loader.getResultSet(Loader.java:2303)
	at org.hibernate.loader.Loader.executeQueryStatement(Loader.java:2056)
	at org.hibernate.loader.Loader.executeQueryStatement(Loader.java:2018)
	at org.hibernate.loader.Loader.doQuery(Loader.java:948)
	at org.hibernate.loader.Loader.doQueryAndInitializeNonLazyCollections(Loader.java:349)
	at org.hibernate.loader.Loader.doList(Loader.java:2849)
	at org.hibernate.loader.Loader.doList(Loader.java:2831)
	at org.hibernate.loader.Loader.listIgnoreQueryCache(Loader.java:2663)
	at org.hibernate.loader.Loader.list(Loader.java:2658)
	at org.hibernate.loader.custom.CustomLoader.list(CustomLoader.java:338)
	at org.hibernate.internal.SessionImpl.listCustomQuery(SessionImpl.java:2141)
	at org.hibernate.internal.AbstractSharedSessionContract.list(AbstractSharedSessionContract.java:1172)
	at org.hibernate.query.internal.NativeQueryImpl.doList(NativeQueryImpl.java:176)
	at org.hibernate.query.internal.AbstractProducedQuery.list(AbstractProducedQuery.java:1593)
	at org.hibernate.query.Query.getResultList(Query.java:165)
	at sun.reflect.NativeMethodAccessorImpl.invoke0(Native Method)
	at sun.reflect.NativeMethodAccessorImpl.invoke(NativeMethodAccessorImpl.java:62)
	at sun.reflect.DelegatingMethodAccessorImpl.invoke(DelegatingMethodAccessorImpl.java:43)
	at java.lang.reflect.Method.invoke(Method.java:498)
	at org.springframework.orm.jpa.SharedEntityManagerCreator$DeferredQueryInvocationHandler.invoke(SharedEntityManagerCreator.java:409)
	at com.sun.proxy.$Proxy375.getResultList(Unknown Source)
	at org.springframework.data.jpa.repository.query.JpaQueryExecution$CollectionExecution.doExecute(JpaQueryExecution.java:126)
	at org.springframework.data.jpa.repository.query.JpaQueryExecution.execute(JpaQueryExecution.java:88)
	at org.springframework.data.jpa.repository.query.AbstractJpaQuery.doExecute(AbstractJpaQuery.java:154)
	at org.springframework.data.jpa.repository.query.AbstractJpaQuery.execute(AbstractJpaQuery.java:142)
	at org.springframework.data.repository.core.support.QueryExecutorMethodInterceptor$QueryMethodInvoker.invoke(QueryExecutorMethodInterceptor.java:195)
	at org.springframework.data.repository.core.support.QueryExecutorMethodInterceptor.doInvoke(QueryExecutorMethodInterceptor.java:152)
	at org.springframework.data.repository.core.support.QueryExecutorMethodInterceptor.invoke(QueryExecutorMethodInterceptor.java:130)
	at org.springframework.aop.framework.ReflectiveMethodInvocation.proceed(ReflectiveMethodInvocation.java:186)
	at org.springframework.transaction.interceptor.TransactionAspectSupport.invokeWithinTransaction(TransactionAspectSupport.java:367)
	at org.springframework.transaction.interceptor.TransactionInterceptor.invoke(TransactionInterceptor.java:118)
	at org.springframework.aop.framework.ReflectiveMethodInvocation.proceed(ReflectiveMethodInvocation.java:186)
	at org.springframework.dao.support.PersistenceExceptionTranslationInterceptor.invoke(PersistenceExceptionTranslationInterceptor.java:139)
	... 25 more
Caused by: java.sql.SQLRecoverableException: IO Error: A connection attempt failed because the connected party did not properly respond after a period of time, or established connection failed because connected host has failed to respond
	at oracle.jdbc.driver.T4CPreparedStatement.executeForDescribe(T4CPreparedStatement.java:821)
	at oracle.jdbc.driver.OracleStatement.executeMaybeDescribe(OracleStatement.java:983)
	at oracle.jdbc.driver.OracleStatement.doExecuteWithTimeout(OracleStatement.java:1168)
	at oracle.jdbc.driver.OraclePreparedStatement.executeInternal(OraclePreparedStatement.java:3666)
	at oracle.jdbc.driver.T4CPreparedStatement.executeInternal(T4CPreparedStatement.java:1426)
	at oracle.jdbc.driver.OraclePreparedStatement.executeQuery(OraclePreparedStatement.java:3713)
	at oracle.jdbc.driver.OraclePreparedStatementWrapper.executeQuery(OraclePreparedStatementWrapper.java:1167)
	at org.jboss.jca.adapters.jdbc.WrappedPreparedStatement.executeQuery(WrappedPreparedStatement.java:504)
	at org.hibernate.engine.jdbc.internal.ResultSetReturnImpl.extract(ResultSetReturnImpl.java:57)
	... 58 more
Caused by: java.io.IOException: A connection attempt failed because the connected party did not properly respond after a period of time, or established connection failed because connected host has failed to respond
	at sun.nio.ch.SocketDispatcher.read0(Native Method)
	at sun.nio.ch.SocketDispatcher.read(SocketDispatcher.java:43)
	at sun.nio.ch.IOUtil.readIntoNativeBuffer(IOUtil.java:223)
	at sun.nio.ch.IOUtil.read(IOUtil.java:197)
	at sun.nio.ch.SocketChannelImpl.read(SocketChannelImpl.java:379)
	at oracle.net.nt.TimeoutSocketChannel.read(TimeoutSocketChannel.java:174)
	at oracle.net.ns.NSProtocolNIO.doSocketRead(NSProtocolNIO.java:560)
	at oracle.net.ns.NIOPacket.readHeader(NIOPacket.java:263)
	at oracle.net.ns.NIOPacket.readPacketFromSocketChannel(NIOPacket.java:195)
	at oracle.net.ns.NIOPacket.readFromSocketChannel(NIOPacket.java:137)
	at oracle.net.ns.NIOPacket.readFromSocketChannel(NIOPacket.java:110)
	at oracle.net.ns.NIONSDataChannel.readDataFromSocketChannel(NIONSDataChannel.java:91)
	at oracle.jdbc.driver.T4CMAREngineNIO.prepareForUnmarshall(T4CMAREngineNIO.java:791)
	at oracle.jdbc.driver.T4CMAREngineNIO.unmarshalUB1(T4CMAREngineNIO.java:449)
	at oracle.jdbc.driver.T4CTTIfun.receive(T4CTTIfun.java:410)
	at oracle.jdbc.driver.T4CTTIfun.doRPC(T4CTTIfun.java:269)
	at oracle.jdbc.driver.T4C8Oall.doOALL(T4C8Oall.java:655)
	at oracle.jdbc.driver.T4CPreparedStatement.doOall8(T4CPreparedStatement.java:270)
	at oracle.jdbc.driver.T4CPreparedStatement.doOall8(T4CPreparedStatement.java:91)
	at oracle.jdbc.driver.T4CPreparedStatement.executeForDescribe(T4CPreparedStatement.java:807)
	... 66 more
[ INFO : 04 Mar 2025 11:25:46 AM ] in: (org.springframework.boot.StartupInfoLogger:logStarting():55) - Starting Application on N5CD41297ZV with PID 12260 (started by SxChoudh in C:\Users\sxchoudh\EAP-7.1.0\bin)
[ INFO : 04 Mar 2025 11:25:46 AM ] in: (org.springframework.boot.SpringApplication:logStartupProfileInfo():651) - No active profile set, falling back to default profiles: default
[ INFO : 04 Mar 2025 11:25:48 AM ] in: (org.springframework.data.repository.config.RepositoryConfigurationDelegate:registerRepositoriesIn():127) - Bootstrapping Spring Data JPA repositories in DEFAULT mode.
[ INFO : 04 Mar 2025 11:25:49 AM ] in: (org.springframework.data.repository.config.RepositoryConfigurationDelegate:registerRepositoriesIn():187) - Finished Spring Data repository scanning in 700ms. Found 56 JPA repository interfaces.
[ INFO : 04 Mar 2025 11:25:50 AM ] in: (org.springframework.context.support.PostProcessorRegistrationDelegate$BeanPostProcessorChecker:postProcessAfterInitialization():335) - Bean 'org.springframework.security.access.expression.method.DefaultMethodSecurityExpressionHandler@561d1226' of type [org.springframework.security.oauth2.provider.expression.OAuth2MethodSecurityExpressionHandler] is not eligible for getting processed by all BeanPostProcessors (for example: not eligible for auto-proxying)
[ INFO : 04 Mar 2025 11:25:50 AM ] in: (org.springframework.context.support.PostProcessorRegistrationDelegate$BeanPostProcessorChecker:postProcessAfterInitialization():335) - Bean 'methodSecurityMetadataSource' of type [org.springframework.security.access.method.DelegatingMethodSecurityMetadataSource] is not eligible for getting processed by all BeanPostProcessors (for example: not eligible for auto-proxying)
[ INFO : 04 Mar 2025 11:25:50 AM ] in: (org.springframework.boot.web.servlet.context.ServletWebServerApplicationContext:prepareWebApplicationContext():285) - Root WebApplicationContext: initialization completed in 3944 ms
[ERROR : 04 Mar 2025 11:27:52 AM ] in: (org.springframework.boot.SpringApplication:reportFailure():837) - Application run failed
java.lang.OutOfMemoryError: Metaspace
